#
# There is insufficient memory for the Java Runtime Environment to continue.
# Native memory allocation (mmap) failed to map 266338304 bytes for Failed to commit area from 0x0000000702600000 to 0x0000000712400000 of length 266338304.
# Possible reasons:
#   The system is out of physical RAM or swap space
#   The process is running with CompressedOops enabled, and the Java Heap may be blocking the growth of the native heap
# Possible solutions:
#   Reduce memory load on the system
#   Increase physical memory or swap space
#   Check if swap backing store is full
#   Decrease Java heap size (-Xmx/-Xms)
#   Decrease number of Java threads
#   Decrease Java thread stack sizes (-Xss)
#   Set larger code cache with -XX:ReservedCodeCacheSize=
# This output file may be truncated or incomplete.
#
#  Out of Memory Error (./src/hotspot/os/windows/os_windows.cpp:3301), pid=6416, tid=15832
#
# JRE version:  (11.0.10+9) (build )
# Java VM: Dynamic Code Evolution 64-Bit Server VM (11.0.10+9-b1341.41, mixed mode, sharing, tiered, compressed oops, g1 gc, windows-amd64)
# No core dump will be written. Minidumps are not enabled by default on client versions of Windows
#

---------------  S U M M A R Y ------------

Command Line: org.jetbrains.git4idea.http.GitAskPassApp Username for 'https://git.fhict.nl': 

Host: Intel(R) Core(TM) i7-8750H CPU @ 2.20GHz, 12 cores, 15G,  Windows 10 , 64 bit Build 19041 (10.0.19041.928)
Time: Sat May 29 22:30:11 2021 W. Europe Daylight Time elapsed time: 0.011200 seconds (0d 0h 0m 0s)

---------------  T H R E A D  ---------------

Current thread (0x0000020b9c8ed000):  JavaThread "Unknown thread" [_thread_in_vm, id=15832, stack(0x000000cae9200000,0x000000cae9300000)]

Stack: [0x000000cae9200000,0x000000cae9300000]
Native frames: (J=compiled Java code, j=interpreted, Vv=VM code, C=native code)
V  [jvm.dll+0x5f84fa]
V  [jvm.dll+0x77e085]
V  [jvm.dll+0x77f5dd]
V  [jvm.dll+0x77fc93]
V  [jvm.dll+0x2457e8]
V  [jvm.dll+0x5f58f4]
V  [jvm.dll+0x5ea975]
V  [jvm.dll+0x30228b]
V  [jvm.dll+0x3021fa]
V  [jvm.dll+0x3020d2]
V  [jvm.dll+0x306fb6]
V  [jvm.dll+0x34f843]
V  [jvm.dll+0x34ff46]
V  [jvm.dll+0x34f943]
V  [jvm.dll+0x2dbcb8]
V  [jvm.dll+0x2dce57]
V  [jvm.dll+0x75c4d7]
V  [jvm.dll+0x75dd6c]
V  [jvm.dll+0x35cdb9]
V  [jvm.dll+0x73fc9e]
V  [jvm.dll+0x3c5663]
V  [jvm.dll+0x3c7a21]
C  [jli.dll+0x5373]
C  [ucrtbase.dll+0x21bb2]
C  [KERNEL32.DLL+0x17034]
C  [ntdll.dll+0x52651]


---------------  P R O C E S S  ---------------

Threads class SMR info:
_java_thread_list=0x0000020b9c714980, length=0, elements={
}

Java Threads: ( => current thread )

Other Threads:
  0x0000020b9c908800 GCTaskThread "GC Thread#0" [stack: 0x000000cae9300000,0x000000cae9400000] [id=23396]
  0x0000020b9c964000 ConcurrentGCThread "G1 Main Marker" [stack: 0x000000cae9400000,0x000000cae9500000] [id=30192]
  0x0000020b9c965800 ConcurrentGCThread "G1 Conc#0" [stack: 0x000000cae9500000,0x000000cae9600000] [id=32336]

[error occurred during error reporting (printing all threads), id 0xc0000005, EXCEPTION_ACCESS_VIOLATION (0xc0000005) at pc=0x00007ffeef38c437]

VM state:not at safepoint (not fully initialized)

VM Mutex/Monitor currently owned by a thread:  ([mutex/lock_event])
[0x0000020b9c8eabf0] Heap_lock - owner thread: 0x0000020b9c8ed000

Heap address: 0x0000000702600000, size: 4058 MB, Compressed Oops mode: Non-zero based: 0x0000000702600000
Narrow klass base: 0x0000000000000000, Narrow klass shift: 0

GC Heap History (0 events):
No events

Deoptimization events (0 events):
No events

Classes redefined (0 events):
No events

Internal exceptions (0 events):
No events

Events (1 events):
Event: 0.007 Loaded shared library D:\PhpStorm\PhpStorm 2020.3.3\jbr\bin\zip.dll


Dynamic libraries:
0x00007ff617380000 - 0x00007ff61738a000 	D:\PhpStorm\PhpStorm 2020.3.3\jbr\bin\java.exe
0x00007fff49830000 - 0x00007fff49a25000 	C:\WINDOWS\SYSTEM32\ntdll.dll
0x00007fff48070000 - 0x00007fff4812d000 	C:\WINDOWS\System32\KERNEL32.DLL
0x00007fff47460000 - 0x00007fff47728000 	C:\WINDOWS\System32\KERNELBASE.dll
0x00007fff47360000 - 0x00007fff47460000 	C:\WINDOWS\System32\ucrtbase.dll
0x00007fff16d60000 - 0x00007fff16d77000 	D:\PhpStorm\PhpStorm 2020.3.3\jbr\bin\VCRUNTIME140.dll
0x00007fff1a330000 - 0x00007fff1a349000 	D:\PhpStorm\PhpStorm 2020.3.3\jbr\bin\jli.dll
0x00007fff48130000 - 0x00007fff482d0000 	C:\WINDOWS\System32\USER32.dll
0x00007fff34370000 - 0x00007fff3460a000 	C:\WINDOWS\WinSxS\amd64_microsoft.windows.common-controls_6595b64144ccf1df_6.0.19041.844_none_ca00b6081b84eb1d\COMCTL32.dll
0x00007fff47150000 - 0x00007fff47172000 	C:\WINDOWS\System32\win32u.dll
0x00007fff49060000 - 0x00007fff490fe000 	C:\WINDOWS\System32\msvcrt.dll
0x00007fff48750000 - 0x00007fff4877a000 	C:\WINDOWS\System32\GDI32.dll
0x00007fff47250000 - 0x00007fff4735b000 	C:\WINDOWS\System32\gdi32full.dll
0x00007fff470b0000 - 0x00007fff4714d000 	C:\WINDOWS\System32\msvcp_win.dll
0x00007fff48e00000 - 0x00007fff48e30000 	C:\WINDOWS\System32\IMM32.DLL
0x00007fff00ef0000 - 0x00007fff00f8d000 	D:\PhpStorm\PhpStorm 2020.3.3\jbr\bin\msvcp140.dll
0x00007ffeef0a0000 - 0x00007ffeefbef000 	D:\PhpStorm\PhpStorm 2020.3.3\jbr\bin\server\jvm.dll
0x00007fff49100000 - 0x00007fff491ac000 	C:\WINDOWS\System32\ADVAPI32.dll
0x00007fff491b0000 - 0x00007fff4924b000 	C:\WINDOWS\System32\sechost.dll
0x00007fff48830000 - 0x00007fff4895b000 	C:\WINDOWS\System32\RPCRT4.dll
0x00007fff49050000 - 0x00007fff49058000 	C:\WINDOWS\System32\PSAPI.DLL
0x00007fff1e850000 - 0x00007fff1e859000 	C:\WINDOWS\SYSTEM32\WSOCK32.dll
0x00007fff48fe0000 - 0x00007fff4904b000 	C:\WINDOWS\System32\WS2_32.dll
0x00007fff408e0000 - 0x00007fff408ea000 	C:\WINDOWS\SYSTEM32\VERSION.dll
0x00007fff35f10000 - 0x00007fff35f37000 	C:\WINDOWS\SYSTEM32\WINMM.dll
0x00007fff45840000 - 0x00007fff45852000 	C:\WINDOWS\SYSTEM32\kernel.appcore.dll
0x00007fff37810000 - 0x00007fff37821000 	D:\PhpStorm\PhpStorm 2020.3.3\jbr\bin\verify.dll
0x00007fff39f60000 - 0x00007fff3a144000 	C:\WINDOWS\SYSTEM32\DBGHELP.DLL
0x00007fff319d0000 - 0x00007fff319fc000 	C:\WINDOWS\SYSTEM32\dbgcore.DLL
0x00007fff471d0000 - 0x00007fff47250000 	C:\WINDOWS\System32\bcryptPrimitives.dll
0x00007fff2ba60000 - 0x00007fff2ba89000 	D:\PhpStorm\PhpStorm 2020.3.3\jbr\bin\java.dll
0x00007fff38a90000 - 0x00007fff38a9b000 	D:\PhpStorm\PhpStorm 2020.3.3\jbr\bin\jimage.dll
0x00007fff37410000 - 0x00007fff37428000 	D:\PhpStorm\PhpStorm 2020.3.3\jbr\bin\zip.dll

dbghelp: loaded successfully - version: 4.0.5 - missing functions: none
symbol engine: initialized successfully - sym options: 0x614 - pdb path: .;D:\PhpStorm\PhpStorm 2020.3.3\jbr\bin;C:\WINDOWS\SYSTEM32;C:\WINDOWS\WinSxS\amd64_microsoft.windows.common-controls_6595b64144ccf1df_6.0.19041.844_none_ca00b6081b84eb1d;D:\PhpStorm\PhpStorm 2020.3.3\jbr\bin\server

VM Arguments:
java_command: org.jetbrains.git4idea.http.GitAskPassApp Username for 'https://git.fhict.nl': 
java_class_path (initial): D:/PhpStorm/PhpStorm 2020.3.3/plugins/git4idea/lib/git4idea-rt.jar;D:/PhpStorm/PhpStorm 2020.3.3/lib/xmlrpc-2.0.1.jar;D:/PhpStorm/PhpStorm 2020.3.3/lib/commons-codec-1.15.jar
Launcher Type: SUN_STANDARD

[Global flags]
     intx CICompilerCount                          = 4                                         {product} {ergonomic}
     uint ConcGCThreads                            = 3                                         {product} {ergonomic}
     uint G1ConcRefinementThreads                  = 10                                        {product} {ergonomic}
   size_t G1HeapRegionSize                         = 1048576                                   {product} {ergonomic}
    uintx GCDrainStackTargetSize                   = 64                                        {product} {ergonomic}
   size_t InitialHeapSize                          = 266338304                                 {product} {ergonomic}
   size_t MarkStackSize                            = 4194304                                   {product} {ergonomic}
   size_t MaxHeapSize                              = 4255121408                                {product} {ergonomic}
   size_t MinHeapDeltaBytes                        = 1048576                                   {product} {ergonomic}
    uintx NonNMethodCodeHeapSize                   = 5836300                                {pd product} {ergonomic}
    uintx NonProfiledCodeHeapSize                  = 122910970                              {pd product} {ergonomic}
    uintx ProfiledCodeHeapSize                     = 122910970                              {pd product} {ergonomic}
    uintx ReservedCodeCacheSize                    = 251658240                              {pd product} {ergonomic}
     bool SegmentedCodeCache                       = true                                      {product} {ergonomic}
     bool UseCompressedClassPointers               = true                                 {lp64_product} {ergonomic}
     bool UseCompressedOops                        = true                                 {lp64_product} {ergonomic}
     bool UseG1GC                                  = true                                      {product} {ergonomic}
     bool UseLargePagesIndividualAllocation        = false                                  {pd product} {ergonomic}

Logging:
Log output configuration:
 #0: stdout all=warning uptime,level,tags
 #1: stderr all=off uptime,level,tags

Environment Variables:
PATH=C:/Program Files/Git/mingw64/libexec/git-core;C:/Program Files/Git/mingw64/libexec/git-core;C:\Program Files\Git\mingw64\bin;C:\Program Files\Git\usr\bin;C:\Users\mitko\bin;C:\WINDOWS\system32;C:\WINDOWS;C:\WINDOWS\System32\Wbem;C:\WINDOWS\System32\WindowsPowerShell\v1.0\;C:\Program Files\Java\jdk-14.0.1\bin;C:\Program Files\NVIDIA Corporation\NVIDIA NvDLISR;C:\Program Files\Microsoft SQL Server\Client SDK\ODBC\170\Tools\Binn\;C:\Program Files (x86)\Microsoft SQL Server\150\Tools\Binn\;C:\Program Files\Microsoft SQL Server\150\Tools\Binn\;C:\Program Files\Microsoft SQL Server\150\DTS\Binn\;C:\Program Files (x86)\Microsoft SQL Server\150\DTS\Binn\;C:\Program Files\Git\cmd;C:\Program Files\dotnet\;C:\Users\mitko\AppData\Local\Microsoft\WindowsApps;C:\Program Files\JetBrains\IntelliJ IDEA Community Edition 2020.1.2\bin;C:\Users\mitko\.dotnet\tools;C:\Users\mitko\.dotnet\tools;C:\Users\mitko\AppData\Local\Programs\Microsoft VS Code\bin;C:\Users\mitko\spicetify-cli
USERNAME=mitko
DISPLAY=:0.0
LC_ALL=en_US.UTF-8
OS=Windows_NT
PROCESSOR_IDENTIFIER=Intel64 Family 6 Model 158 Stepping 10, GenuineIntel



---------------  S Y S T E M  ---------------

OS: Windows 10 , 64 bit Build 19041 (10.0.19041.928)
OS uptime: 14 days 7:03 hours

CPU:total 12 (initial active 12) (6 cores per cpu, 2 threads per core) family 6 model 158 stepping 10 microcode 0xde, cmov, cx8, fxsr, mmx, sse, sse2, sse3, ssse3, sse4.1, sse4.2, popcnt, avx, avx2, aes, clmul, erms, 3dnowpref, lzcnt, ht, tsc, tscinvbit, bmi1, bmi2, adx, fma

Memory: 4k page, system-wide physical 16228M (3687M free)
TotalPageFile size 25990M (AvailPageFile size 137M)
current process WorkingSet (physical memory assigned to process): 10M, peak: 10M
current process commit charge ("private bytes"): 64M, peak: 318M

vm_info: Dynamic Code Evolution 64-Bit Server VM (11.0.10+9-b1341.41) for windows-amd64 JRE (11.0.10+9-b1341.41), built on Apr 17 2021 07:18:15 by "" with MS VC++ 14.0 (VS2015)

END.
